<?xml version="1.0" encoding="UTF-8" standalone="no"?>
<testsuite failures="0" name="cucumber.runtime.formatter.JUnitFormatter" skipped="0" tests="4" time="170.174913">
<testcase classname="Free CRM2 Login Feature" name="Free CRM3 Login Test Scenario" time="32.734256">
<system-out><![CDATA[Given on login page "webdriver.chrome.driver" and "C:\Users\luzhongk\Selenium\WebDriver\chromedriver.exe".passed
When title of the page......................................................passed
Then enter "will" and "will"................................................passed
Then home page validate.....................................................passed
Then logout home page.......................................................passed
]]></system-out>
</testcase>
<testcase classname="Free CRM2 Login Feature" name="Free CRM3 Login Test Scenario 2" time="34.516239">
<system-out><![CDATA[Given on login page "webdriver.gecko.driver" and "C:\Users\luzhongk\Selenium\WebDriver\geckodriver.exe".passed
When title of the page......................................................passed
Then enter "will" and "will"................................................passed
Then home page validate.....................................................passed
Then logout home page.......................................................passed
]]></system-out>
</testcase>
<testcase classname="Free CRM2 Login Feature" name="Free CRM3 Login Test Scenario 3" time="32.557903">
<system-out><![CDATA[Given on login page "webdriver.edge.driver" and "C:\Users\luzhongk\Selenium\WebDriver\msedgedriver.exe".passed
When title of the page......................................................passed
Then enter "will" and "will"................................................passed
Then home page validate.....................................................passed
Then logout home page.......................................................passed
]]></system-out>
</testcase>
<testcase classname="Free CRM2 Login Feature" name="Free CRM3 Login Test Scenario 4" time="70.366515">
<system-out><![CDATA[Given on login page "webdriver.ie.driver" and "C:\Users\luzhongk\Selenium\WebDriver\IEDriverServer64.exe".passed
When title of the page......................................................passed
Then enter "will" and "will"................................................passed
Then home page validate.....................................................passed
Then logout home page.......................................................passed
]]></system-out>
</testcase>
</testsuite>
